0 info it worked if it ends with ok
1 verbose cli [ '/Users/vico/.nvm/v0.8.15/bin/node',
1 verbose cli   '/Users/vico/.nvm/v0.8.15/bin/npm',
1 verbose cli   'i',
1 verbose cli   '@superfluid-finance/js-sdk' ]
2 info using npm@1.1.66
3 info using node@v0.8.15
4 verbose read json /Users/vico/Dev/r-place/package.json
5 verbose read json /Users/vico/Dev/r-place/node_modules/level-ws/package.json
6 verbose read json /Users/vico/Dev/r-place/node_modules/is-plain-obj/package.json
7 verbose read json /Users/vico/Dev/r-place/node_modules/is-docker/package.json
8 verbose read json /Users/vico/Dev/r-place/node_modules/multicodec/package.json
9 verbose read json /Users/vico/Dev/r-place/node_modules/pend/package.json
10 verbose read json /Users/vico/Dev/r-place/node_modules/fd-slicer/package.json
11 verbose read json /Users/vico/Dev/r-place/node_modules/find-replace/package.json
12 verbose read json /Users/vico/Dev/r-place/node_modules/callsites/package.json
13 verbose read json /Users/vico/Dev/r-place/node_modules/is-extendable/package.json
14 verbose read json /Users/vico/Dev/r-place/node_modules/solc/package.json
15 verbose read json /Users/vico/Dev/r-place/node_modules/node-gyp-build/package.json
16 verbose read json /Users/vico/Dev/r-place/node_modules/mkdirp-promise/package.json
17 verbose read json /Users/vico/Dev/r-place/node_modules/mute-stdout/package.json
18 verbose read json /Users/vico/Dev/r-place/node_modules/ethereumjs-common/package.json
19 verbose read json /Users/vico/Dev/r-place/node_modules/is-bigint/package.json
20 verbose read json /Users/vico/Dev/r-place/node_modules/pretty-hrtime/package.json
21 verbose read json /Users/vico/Dev/r-place/node_modules/responselike/package.json
22 verbose read json /Users/vico/Dev/r-place/node_modules/is-windows/package.json
23 verbose read json /Users/vico/Dev/r-place/node_modules/fs-constants/package.json
24 verbose read json /Users/vico/Dev/r-place/node_modules/which-boxed-primitive/package.json
25 verbose read json /Users/vico/Dev/r-place/node_modules/destroy/package.json
26 verbose read json /Users/vico/Dev/r-place/node_modules/idb/package.json
27 verbose read json /Users/vico/Dev/r-place/node_modules/duplexer3/package.json
28 verbose read json /Users/vico/Dev/r-place/node_modules/ethereumjs-tx/package.json
29 verbose read json /Users/vico/Dev/r-place/node_modules/hosted-git-info/package.json
30 verbose read json /Users/vico/Dev/r-place/node_modules/async-limiter/package.json
31 verbose read json /Users/vico/Dev/r-place/node_modules/command-line-args/package.json
32 verbose read json /Users/vico/Dev/r-place/node_modules/ts-essentials/package.json
33 verbose read json /Users/vico/Dev/r-place/node_modules/browserify-rsa/package.json
34 verbose read json /Users/vico/Dev/r-place/node_modules/asn1/package.json
35 verbose read json /Users/vico/Dev/r-place/node_modules/@types/package.json
36 verbose read json /Users/vico/Dev/r-place/node_modules/glob-stream/package.json
37 verbose read json /Users/vico/Dev/r-place/node_modules/lodash/package.json
38 verbose read json /Users/vico/Dev/r-place/node_modules/lodash.flatten/package.json
39 verbose read json /Users/vico/Dev/r-place/node_modules/lodash.assign/package.json
40 verbose read json /Users/vico/Dev/r-place/node_modules/flat/package.json
41 verbose read json /Users/vico/Dev/r-place/node_modules/process-nextick-args/package.json
42 verbose read json /Users/vico/Dev/r-place/node_modules/shebang-regex/package.json
43 verbose read json /Users/vico/Dev/r-place/node_modules/arr-diff/package.json
44 verbose read json /Users/vico/Dev/r-place/node_modules/ganache-core/package.json
45 verbose read json /Users/vico/Dev/r-place/node_modules/nano-json-stream-parser/package.json
46 verbose read json /Users/vico/Dev/r-place/node_modules/web3-core-method/package.json
47 verbose read json /Users/vico/Dev/r-place/node_modules/is-upper-case/package.json
48 verbose read json /Users/vico/Dev/r-place/node_modules/posix-character-classes/package.json
49 verbose read json /Users/vico/Dev/r-place/node_modules/path-is-absolute/package.json
50 verbose read json /Users/vico/Dev/r-place/node_modules/collection-visit/package.json
51 verbose read json /Users/vico/Dev/r-place/node_modules/http-cache-semantics/package.json
52 verbose read json /Users/vico/Dev/r-place/node_modules/json-parse-even-better-errors/package.json
53 verbose read json /Users/vico/Dev/r-place/node_modules/errno/package.json
54 verbose read json /Users/vico/Dev/r-place/node_modules/normalize-package-data/package.json
55 verbose read json /Users/vico/Dev/r-place/node_modules/is-wsl/package.json
56 verbose read json /Users/vico/Dev/r-place/node_modules/glob-watcher/package.json
57 verbose read json /Users/vico/Dev/r-place/node_modules/multihashes/package.json
58 verbose read json /Users/vico/Dev/r-place/node_modules/functions-have-names/package.json
59 verbose read json /Users/vico/Dev/r-place/node_modules/fast-check/package.json
60 verbose read json /Users/vico/Dev/r-place/node_modules/command-exists/package.json
61 verbose read json /Users/vico/Dev/r-place/node_modules/is-valid-glob/package.json
62 verbose read json /Users/vico/Dev/r-place/node_modules/create-hmac/package.json
63 verbose read json /Users/vico/Dev/r-place/node_modules/aws-sign2/package.json
64 verbose read json /Users/vico/Dev/r-place/node_modules/has-property-descriptors/package.json
65 verbose read json /Users/vico/Dev/r-place/node_modules/spdx-exceptions/package.json
66 verbose read json /Users/vico/Dev/r-place/node_modules/vinyl-fs/package.json
67 verbose read json /Users/vico/Dev/r-place/node_modules/stacktrace-parser/package.json
68 verbose read json /Users/vico/Dev/r-place/node_modules/web3-providers-ws/package.json
69 verbose read json /Users/vico/Dev/r-place/node_modules/toidentifier/package.json
70 verbose read json /Users/vico/Dev/r-place/node_modules/typedarray-to-buffer/package.json
71 verbose read json /Users/vico/Dev/r-place/node_modules/extend/package.json
72 verbose read json /Users/vico/Dev/r-place/node_modules/string.prototype.trimend/package.json
73 verbose read json /Users/vico/Dev/r-place/node_modules/isobject/package.json
74 verbose read json /Users/vico/Dev/r-place/node_modules/gulplog/package.json
75 verbose read json /Users/vico/Dev/r-place/node_modules/path-type/package.json
76 verbose read json /Users/vico/Dev/r-place/node_modules/min-document/package.json
77 verbose read json /Users/vico/Dev/r-place/node_modules/buffer-alloc-unsafe/package.json
78 verbose read json /Users/vico/Dev/r-place/node_modules/es6-symbol/package.json
79 verbose read json /Users/vico/Dev/r-place/node_modules/har-validator/package.json
80 verbose read json /Users/vico/Dev/r-place/node_modules/ret/package.json
81 verbose read json /Users/vico/Dev/r-place/node_modules/make-dir/package.json
82 verbose read json /Users/vico/Dev/r-place/node_modules/just-debounce/package.json
83 verbose read json /Users/vico/Dev/r-place/node_modules/mimic-fn/package.json
84 verbose read json /Users/vico/Dev/r-place/node_modules/strip-ansi/package.json
85 verbose read json /Users/vico/Dev/r-place/node_modules/parse-filepath/package.json
86 verbose read json /Users/vico/Dev/r-place/node_modules/snapdragon-node/package.json
87 verbose read json /Users/vico/Dev/r-place/node_modules/idna-uts46-hx/package.json
88 verbose read json /Users/vico/Dev/r-place/node_modules/content-type/package.json
89 verbose read json /Users/vico/Dev/r-place/node_modules/object.reduce/package.json
90 verbose read json /Users/vico/Dev/r-place/node_modules/websocket/package.json
91 verbose read json /Users/vico/Dev/r-place/node_modules/pkg-dir/package.json
92 verbose read json /Users/vico/Dev/r-place/node_modules/is-typed-array/package.json
93 verbose read json /Users/vico/Dev/r-place/node_modules/function.prototype.name/package.json
94 verbose read json /Users/vico/Dev/r-place/node_modules/xdg-basedir/package.json
95 verbose read json /Users/vico/Dev/r-place/node_modules/unset-value/package.json
96 verbose read json /Users/vico/Dev/r-place/node_modules/web3-utils/package.json
97 verbose read json /Users/vico/Dev/r-place/node_modules/scrypt-shim/package.json
98 verbose read json /Users/vico/Dev/r-place/node_modules/mnemonist/package.json
99 verbose read json /Users/vico/Dev/r-place/node_modules/detect-file/package.json
100 verbose read json /Users/vico/Dev/r-place/node_modules/each-props/package.json
101 verbose read json /Users/vico/Dev/r-place/node_modules/arr-union/package.json
102 verbose read json /Users/vico/Dev/r-place/node_modules/mixin-deep/package.json
103 verbose read json /Users/vico/Dev/r-place/node_modules/immutable/package.json
104 verbose read json /Users/vico/Dev/r-place/node_modules/default-resolution/package.json
105 verbose read json /Users/vico/Dev/r-place/node_modules/path-root-regex/package.json
106 verbose read json /Users/vico/Dev/r-place/node_modules/es5-ext/package.json
107 verbose read json /Users/vico/Dev/r-place/node_modules/findup-sync/package.json
108 verbose read json /Users/vico/Dev/r-place/node_modules/mocha/package.json
109 verbose read json /Users/vico/Dev/r-place/node_modules/is-obj/package.json
110 verbose read json /Users/vico/Dev/r-place/node_modules/unique-string/package.json
111 verbose read json /Users/vico/Dev/r-place/node_modules/swarm-js/package.json
112 verbose read json /Users/vico/Dev/r-place/node_modules/agent-base/package.json
113 verbose read json /Users/vico/Dev/r-place/node_modules/chardet/package.json
114 verbose read json /Users/vico/Dev/r-place/node_modules/typical/package.json
115 verbose read json /Users/vico/Dev/r-place/node_modules/cloneable-readable/package.json
116 verbose read json /Users/vico/Dev/r-place/node_modules/string.prototype.trimstart/package.json
117 verbose read json /Users/vico/Dev/r-place/node_modules/ordered-read-streams/package.json
118 verbose read json /Users/vico/Dev/r-place/node_modules/cacheable-request/package.json
119 verbose read json /Users/vico/Dev/r-place/node_modules/he/package.json
120 verbose read json /Users/vico/Dev/r-place/node_modules/p-cancelable/package.json
121 verbose read json /Users/vico/Dev/r-place/node_modules/require-main-filename/package.json
122 verbose read json /Users/vico/Dev/r-place/node_modules/web3-eth-iban/package.json
123 verbose read json /Users/vico/Dev/r-place/node_modules/os-tmpdir/package.json
124 verbose read json /Users/vico/Dev/r-place/node_modules/node-addon-api/package.json
125 verbose read json /Users/vico/Dev/r-place/node_modules/ms/package.json
126 verbose read json /Users/vico/Dev/r-place/node_modules/content-disposition/package.json
127 verbose read json /Users/vico/Dev/r-place/node_modules/timed-out/package.json
128 verbose read json /Users/vico/Dev/r-place/node_modules/ethjs-abi/package.json
129 verbose read json /Users/vico/Dev/r-place/node_modules/dot-case/package.json
130 verbose read json /Users/vico/Dev/r-place/node_modules/call-bind/package.json
131 verbose read json /Users/vico/Dev/r-place/node_modules/minimalistic-crypto-utils/package.json
132 verbose read json /Users/vico/Dev/r-place/node_modules/browserify-cipher/package.json
133 verbose read json /Users/vico/Dev/r-place/node_modules/methods/package.json
134 verbose read json /Users/vico/Dev/r-place/node_modules/create-hash/package.json
135 verbose read json /Users/vico/Dev/r-place/node_modules/next-tick/package.json
136 verbose read json /Users/vico/Dev/r-place/node_modules/glogg/package.json
137 verbose read json /Users/vico/Dev/r-place/node_modules/htmlparser2/package.json
138 verbose read json /Users/vico/Dev/r-place/node_modules/escape-string-regexp/package.json
139 verbose read json /Users/vico/Dev/r-place/node_modules/indent-string/package.json
140 verbose read json /Users/vico/Dev/r-place/node_modules/has-tostringtag/package.json
141 verbose read json /Users/vico/Dev/r-place/node_modules/abort-controller/package.json
142 verbose read json /Users/vico/Dev/r-place/node_modules/stream-shift/package.json
143 verbose read json /Users/vico/Dev/r-place/node_modules/strip-json-comments/package.json
144 verbose read json /Users/vico/Dev/r-place/node_modules/elliptic/package.json
145 verbose read json /Users/vico/Dev/r-place/node_modules/lru-cache/package.json
146 verbose read json /Users/vico/Dev/r-place/node_modules/ultron/package.json
147 verbose read json /Users/vico/Dev/r-place/node_modules/ethereumjs-util/package.json
148 verbose read json /Users/vico/Dev/r-place/node_modules/imurmurhash/package.json
149 verbose read json /Users/vico/Dev/r-place/node_modules/resolve-url/package.json
150 verbose read json /Users/vico/Dev/r-place/node_modules/bl/package.json
151 verbose read json /Users/vico/Dev/r-place/node_modules/test-value/package.json
152 verbose read json /Users/vico/Dev/r-place/node_modules/ethers/package.json
153 verbose read json /Users/vico/Dev/r-place/node_modules/antlr4ts/package.json
154 verbose read json /Users/vico/Dev/r-place/node_modules/@yarnpkg/package.json
155 verbose read json /Users/vico/Dev/r-place/node_modules/chownr/package.json
156 verbose read json /Users/vico/Dev/r-place/node_modules/highlightjs-solidity/package.json
157 verbose read json /Users/vico/Dev/r-place/node_modules/type-fest/package.json
158 verbose read json /Users/vico/Dev/r-place/node_modules/commander/package.json
159 verbose read json /Users/vico/Dev/r-place/node_modules/workerpool/package.json
160 verbose read json /Users/vico/Dev/r-place/node_modules/punycode/package.json
161 verbose read json /Users/vico/Dev/r-place/node_modules/require-directory/package.json
162 verbose read json /Users/vico/Dev/r-place/node_modules/proxy-addr/package.json
163 verbose read json /Users/vico/Dev/r-place/node_modules/depd/package.json
164 verbose read json /Users/vico/Dev/r-place/node_modules/core-util-is/package.json
165 verbose read json /Users/vico/Dev/r-place/node_modules/web3-providers-ipc/package.json
166 verbose read json /Users/vico/Dev/r-place/node_modules/duplexify/package.json
167 verbose read json /Users/vico/Dev/r-place/node_modules/atob/package.json
168 verbose read json /Users/vico/Dev/r-place/node_modules/ci-info/package.json
169 verbose read json /Users/vico/Dev/r-place/node_modules/@sentry/package.json
170 verbose read json /Users/vico/Dev/r-place/node_modules/pbkdf2/package.json
171 verbose read json /Users/vico/Dev/r-place/node_modules/rimraf/package.json
172 verbose read json /Users/vico/Dev/r-place/node_modules/web3-net/package.json
173 verbose read json /Users/vico/Dev/r-place/node_modules/evp_bytestokey/package.json
174 verbose read json /Users/vico/Dev/r-place/node_modules/escalade/package.json
175 verbose read json /Users/vico/Dev/r-place/node_modules/node-fetch/package.json
176 verbose read json /Users/vico/Dev/r-place/node_modules/upper-case/package.json
177 verbose read json /Users/vico/Dev/r-place/node_modules/chai/package.json
178 verbose read json /Users/vico/Dev/r-place/node_modules/range-parser/package.json
179 verbose read json /Users/vico/Dev/r-place/node_modules/fast-json-stable-stringify/package.json
180 verbose read json /Users/vico/Dev/r-place/node_modules/async-each/package.json
181 verbose read json /Users/vico/Dev/r-place/node_modules/es6-weak-map/package.json
182 verbose read json /Users/vico/Dev/r-place/node_modules/error-ex/package.json
183 verbose read json /Users/vico/Dev/r-place/node_modules/solc-wrapper/package.json
184 verbose read json /Users/vico/Dev/r-place/node_modules/klaw/package.json
185 verbose read json /Users/vico/Dev/r-place/node_modules/sha3/package.json
186 verbose read json /Users/vico/Dev/r-place/node_modules/decompress-tarbz2/package.json
187 verbose read json /Users/vico/Dev/r-place/node_modules/balanced-match/package.json
188 verbose read json /Users/vico/Dev/r-place/node_modules/path-exists/package.json
189 verbose read json /Users/vico/Dev/r-place/node_modules/extglob/package.json
190 verbose read json /Users/vico/Dev/r-place/node_modules/to-through/package.json
191 verbose read json /Users/vico/Dev/r-place/node_modules/abstract-leveldown/package.json
192 verbose read json /Users/vico/Dev/r-place/node_modules/buffer-xor/package.json
193 verbose read json /Users/vico/Dev/r-place/node_modules/prr/package.json
194 verbose read json /Users/vico/Dev/r-place/node_modules/truffle-provider/package.json
195 verbose read json /Users/vico/Dev/r-place/node_modules/check-error/package.json
196 verbose read json /Users/vico/Dev/r-place/node_modules/bcrypt-pbkdf/package.json
197 verbose read json /Users/vico/Dev/r-place/node_modules/resolve/package.json
198 verbose read json /Users/vico/Dev/r-place/node_modules/bytes/package.json
199 verbose read json /Users/vico/Dev/r-place/node_modules/gulp/package.json
200 verbose read json /Users/vico/Dev/r-place/node_modules/xhr-request-promise/package.json
201 verbose read json /Users/vico/Dev/r-place/node_modules/util/package.json
202 verbose read json /Users/vico/Dev/r-place/node_modules/levelup/package.json
203 verbose read json /Users/vico/Dev/r-place/node_modules/path-root/package.json
204 verbose read json /Users/vico/Dev/r-place/node_modules/unc-path-regex/package.json
205 verbose read json /Users/vico/Dev/r-place/node_modules/base64-js/package.json
206 verbose read json /Users/vico/Dev/r-place/node_modules/aws4/package.json
207 verbose read json /Users/vico/Dev/r-place/node_modules/is-number-object/package.json
208 verbose read json /Users/vico/Dev/r-place/node_modules/ansi-wrap/package.json
209 verbose read json /Users/vico/Dev/r-place/node_modules/scryptsy/package.json
210 verbose read json /Users/vico/Dev/r-place/node_modules/parse-json/package.json
211 verbose read json /Users/vico/Dev/r-place/node_modules/crypto-addr-codec/package.json
212 verbose read json /Users/vico/Dev/r-place/node_modules/nanoid/package.json
213 verbose read json /Users/vico/Dev/r-place/node_modules/postinstall-postinstall/package.json
214 verbose read json /Users/vico/Dev/r-place/node_modules/array-unique/package.json
215 verbose read json /Users/vico/Dev/r-place/node_modules/har-schema/package.json
216 verbose read json /Users/vico/Dev/r-place/node_modules/buffer-crc32/package.json
217 verbose read json /Users/vico/Dev/r-place/node_modules/es6-iterator/package.json
218 verbose read json /Users/vico/Dev/r-place/node_modules/randomhex/package.json
219 verbose read json /Users/vico/Dev/r-place/node_modules/array-slice/package.json
220 verbose read json /Users/vico/Dev/r-place/node_modules/regenerator-runtime/package.json
221 verbose read json /Users/vico/Dev/r-place/node_modules/utf8/package.json
222 verbose read json /Users/vico/Dev/r-place/node_modules/express/package.json
223 verbose read json /Users/vico/Dev/r-place/node_modules/matchdep/package.json
224 verbose read json /Users/vico/Dev/r-place/node_modules/@ethereumjs/package.json
225 verbose read json /Users/vico/Dev/r-place/node_modules/bech32/package.json
226 verbose read json /Users/vico/Dev/r-place/node_modules/toposort/package.json
227 verbose read json /Users/vico/Dev/r-place/node_modules/encodeurl/package.json
228 verbose read json /Users/vico/Dev/r-place/node_modules/signal-exit/package.json
229 verbose read json /Users/vico/Dev/r-place/node_modules/strict-uri-encode/package.json
230 verbose read json /Users/vico/Dev/r-place/node_modules/pinkie-promise/package.json
231 verbose read json /Users/vico/Dev/r-place/node_modules/configstore/package.json
232 verbose read json /Users/vico/Dev/r-place/node_modules/wrap-ansi/package.json
233 verbose read json /Users/vico/Dev/r-place/node_modules/path-case/package.json
234 verbose read json /Users/vico/Dev/r-place/node_modules/query-string/package.json
235 verbose read json /Users/vico/Dev/r-place/node_modules/y18n/package.json
236 verbose read json /Users/vico/Dev/r-place/node_modules/once/package.json
237 verbose read json /Users/vico/Dev/r-place/node_modules/core-js-pure/package.json
238 verbose read json /Users/vico/Dev/r-place/node_modules/@szmarczak/package.json
239 verbose read json /Users/vico/Dev/r-place/node_modules/please-upgrade-node/package.json
240 verbose read json /Users/vico/Dev/r-place/node_modules/prettier/package.json
241 verbose read json /Users/vico/Dev/r-place/node_modules/archy/package.json
242 verbose read json /Users/vico/Dev/r-place/node_modules/global-modules/package.json
243 verbose read json /Users/vico/Dev/r-place/node_modules/copy-descriptor/package.json
244 verbose read json /Users/vico/Dev/r-place/node_modules/is-generator-function/package.json
245 verbose read json /Users/vico/Dev/r-place/node_modules/is-function/package.json
246 verbose read json /Users/vico/Dev/r-place/node_modules/@trufflesuite/package.json
247 verbose read json /Users/vico/Dev/r-place/node_modules/is-negative-zero/package.json
248 verbose read json /Users/vico/Dev/r-place/node_modules/crc-32/package.json
249 verbose read json /Users/vico/Dev/r-place/node_modules/file-uri-to-path/package.json
250 verbose read json /Users/vico/Dev/r-place/node_modules/web3-providers-http/package.json
251 verbose read json /Users/vico/Dev/r-place/node_modules/extend-shallow/package.json
252 verbose read json /Users/vico/Dev/r-place/node_modules/normalize-url/package.json
253 verbose read json /Users/vico/Dev/r-place/node_modules/serialize-javascript/package.json
254 verbose read json /Users/vico/Dev/r-place/node_modules/number-to-bn/package.json
255 verbose read json /Users/vico/Dev/r-place/node_modules/truffle-interface-adapter/package.json
256 verbose read json /Users/vico/Dev/r-place/node_modules/flush-write-stream/package.json
257 verbose read json /Users/vico/Dev/r-place/node_modules/ethjs-unit/package.json
258 verbose read json /Users/vico/Dev/r-place/node_modules/assertion-error/package.json
259 verbose read json /Users/vico/Dev/r-place/node_modules/extsprintf/package.json
260 verbose read json /Users/vico/Dev/r-place/node_modules/level-packager/package.json
261 verbose read json /Users/vico/Dev/r-place/node_modules/has-values/package.json
262 verbose read json /Users/vico/Dev/r-place/node_modules/to-regex/package.json
263 verbose read json /Users/vico/Dev/r-place/node_modules/spdx-correct/package.json
264 verbose read json /Users/vico/Dev/r-place/node_modules/string_decoder/package.json
265 verbose read json /Users/vico/Dev/r-place/node_modules/merge-descriptors/package.json
266 verbose read json /Users/vico/Dev/r-place/node_modules/typechain/package.json
267 verbose read json /Users/vico/Dev/r-place/node_modules/tslib/package.json
268 verbose read json /Users/vico/Dev/r-place/node_modules/file-type/package.json
269 verbose read json /Users/vico/Dev/r-place/node_modules/typedarray/package.json
270 verbose read json /Users/vico/Dev/r-place/node_modules/array-flatten/package.json
271 verbose read json /Users/vico/Dev/r-place/node_modules/argparse/package.json
272 verbose read json /Users/vico/Dev/r-place/node_modules/nan/package.json
273 verbose read json /Users/vico/Dev/r-place/node_modules/vinyl-sourcemap/package.json
274 verbose read json /Users/vico/Dev/r-place/node_modules/oboe/package.json
275 verbose read json /Users/vico/Dev/r-place/node_modules/picomatch/package.json
276 verbose read json /Users/vico/Dev/r-place/node_modules/safe-buffer/package.json
277 verbose read json /Users/vico/Dev/r-place/node_modules/is-relative/package.json
278 verbose read json /Users/vico/Dev/r-place/node_modules/eth-lib/package.json
279 verbose read json /Users/vico/Dev/r-place/node_modules/pure-rand/package.json
280 verbose read json /Users/vico/Dev/r-place/node_modules/write-file-atomic/package.json
281 verbose read json /Users/vico/Dev/r-place/node_modules/compare-versions/package.json
282 verbose read json /Users/vico/Dev/r-place/node_modules/is-symbol/package.json
283 verbose read json /Users/vico/Dev/r-place/node_modules/lowercase-keys/package.json
284 verbose read json /Users/vico/Dev/r-place/node_modules/function-bind/package.json
285 verbose read json /Users/vico/Dev/r-place/node_modules/value-or-function/package.json
286 verbose read json /Users/vico/Dev/r-place/node_modules/caseless/package.json
287 verbose read json /Users/vico/Dev/r-place/node_modules/is-glob/package.json
288 verbose read json /Users/vico/Dev/r-place/node_modules/miller-rabin/package.json
289 verbose read json /Users/vico/Dev/r-place/node_modules/replace-ext/package.json
290 verbose read json /Users/vico/Dev/r-place/node_modules/getpass/package.json
291 verbose read json /Users/vico/Dev/r-place/node_modules/true-case-path/package.json
292 verbose read json /Users/vico/Dev/r-place/node_modules/is-weakref/package.json
293 verbose read json /Users/vico/Dev/r-place/node_modules/truffle-config/package.json
294 verbose read json /Users/vico/Dev/r-place/node_modules/npm-programmatic/package.json
295 verbose read json /Users/vico/Dev/r-place/node_modules/source-map-support/package.json
296 verbose read json /Users/vico/Dev/r-place/node_modules/ee-first/package.json
297 verbose read json /Users/vico/Dev/r-place/node_modules/lower-case-first/package.json
298 verbose read json /Users/vico/Dev/r-place/node_modules/is-fullwidth-code-point/package.json
299 verbose read json /Users/vico/Dev/r-place/node_modules/env-paths/package.json
300 verbose read json /Users/vico/Dev/r-place/node_modules/typescript/package.json
301 verbose read json /Users/vico/Dev/r-place/node_modules/isurl/package.json
302 verbose read json /Users/vico/Dev/r-place/node_modules/@ethersproject/package.json
303 verbose read json /Users/vico/Dev/r-place/node_modules/yargs-parser/package.json
304 verbose read json /Users/vico/Dev/r-place/node_modules/parse-passwd/package.json
305 verbose read json /Users/vico/Dev/r-place/node_modules/inherits/package.json
306 verbose read json /Users/vico/Dev/r-place/node_modules/jsonfile/package.json
307 verbose read json /Users/vico/Dev/r-place/node_modules/is-ci/package.json
308 verbose read json /Users/vico/Dev/r-place/node_modules/async-settle/package.json
309 verbose read json /Users/vico/Dev/r-place/node_modules/gulp-cli/package.json
310 verbose read json /Users/vico/Dev/r-place/node_modules/is-date-object/package.json
311 verbose read json /Users/vico/Dev/r-place/node_modules/ext/package.json
312 verbose read json /Users/vico/Dev/r-place/node_modules/psl/package.json
313 verbose read json /Users/vico/Dev/r-place/node_modules/read-pkg-up/package.json
314 verbose read json /Users/vico/Dev/r-place/node_modules/web3-eth-abi/package.json
315 verbose read json /Users/vico/Dev/r-place/node_modules/browser-stdout/package.json
316 verbose read json /Users/vico/Dev/r-place/node_modules/iconv-lite/package.json
317 verbose read json /Users/vico/Dev/r-place/node_modules/public-encrypt/package.json
318 verbose read json /Users/vico/Dev/r-place/node_modules/anymatch/package.json
319 verbose read json /Users/vico/Dev/r-place/node_modules/split-string/package.json
320 verbose read json /Users/vico/Dev/r-place/node_modules/aes-js/package.json
321 verbose read json /Users/vico/Dev/r-place/node_modules/for-own/package.json
322 verbose read json /Users/vico/Dev/r-place/node_modules/color-name/package.json
323 verbose read json /Users/vico/Dev/r-place/node_modules/to-readable-stream/package.json
324 verbose read json /Users/vico/Dev/r-place/node_modules/remove-bom-stream/package.json
325 verbose read json /Users/vico/Dev/r-place/node_modules/stack-trace/package.json
326 verbose read json /Users/vico/Dev/r-place/node_modules/v8flags/package.json
327 verbose read json /Users/vico/Dev/r-place/node_modules/decamelize/package.json
328 verbose read json /Users/vico/Dev/r-place/node_modules/truffle-flattener/package.json
329 verbose read json /Users/vico/Dev/r-place/node_modules/websocket-driver/package.json
330 verbose read json /Users/vico/Dev/r-place/node_modules/async/package.json
331 verbose read json /Users/vico/Dev/r-place/node_modules/chokidar/package.json
332 verbose read json /Users/vico/Dev/r-place/node_modules/cbor/package.json
333 verbose read json /Users/vico/Dev/r-place/node_modules/lockfile/package.json
334 verbose read json /Users/vico/Dev/r-place/node_modules/xmlhttprequest/package.json
335 verbose read json /Users/vico/Dev/r-place/node_modules/p-locate/package.json
336 verbose read json /Users/vico/Dev/r-place/node_modules/dom-serializer/package.json
337 verbose read json /Users/vico/Dev/r-place/node_modules/fresh/package.json
338 verbose read json /Users/vico/Dev/r-place/node_modules/xhr2-cookies/package.json
339 verbose read json /Users/vico/Dev/r-place/node_modules/undici/package.json
340 verbose read json /Users/vico/Dev/r-place/node_modules/header-case/package.json
341 verbose read json /Users/vico/Dev/r-place/node_modules/get-intrinsic/package.json
342 verbose read json /Users/vico/Dev/r-place/node_modules/diffie-hellman/package.json
343 verbose read json /Users/vico/Dev/r-place/node_modules/is-retry-allowed/package.json
344 verbose read json /Users/vico/Dev/r-place/node_modules/keyv/package.json
345 verbose read json /Users/vico/Dev/r-place/node_modules/path-browserify/package.json
346 verbose read json /Users/vico/Dev/r-place/node_modules/setimmediate/package.json
347 verbose read json /Users/vico/Dev/r-place/node_modules/has-to-string-tag-x/package.json
348 verbose read json /Users/vico/Dev/r-place/node_modules/servify/package.json
349 verbose read json /Users/vico/Dev/r-place/node_modules/mute-stream/package.json
350 verbose read json /Users/vico/Dev/r-place/node_modules/ts-generator/package.json
351 verbose read json /Users/vico/Dev/r-place/node_modules/es-to-primitive/package.json
352 verbose read json /Users/vico/Dev/r-place/node_modules/lru_map/package.json
353 verbose read json /Users/vico/Dev/r-place/node_modules/find-versions/package.json
354 verbose read json /Users/vico/Dev/r-place/node_modules/varint/package.json
355 verbose read json /Users/vico/Dev/r-place/node_modules/web3/package.json
356 verbose read json /Users/vico/Dev/r-place/node_modules/es-abstract/package.json
357 verbose read json /Users/vico/Dev/r-place/node_modules/semver-greatest-satisfied-range/package.json
358 verbose read json /Users/vico/Dev/r-place/node_modules/decompress-response/package.json
359 verbose read json /Users/vico/Dev/r-place/node_modules/semver-regex/package.json
360 verbose read json /Users/vico/Dev/r-place/node_modules/is-accessor-descriptor/package.json
361 verbose read json /Users/vico/Dev/r-place/node_modules/@ungap/package.json
362 verbose read json /Users/vico/Dev/r-place/node_modules/simple-get/package.json
363 verbose read json /Users/vico/Dev/r-place/node_modules/qs/package.json
364 verbose read json /Users/vico/Dev/r-place/node_modules/object.map/package.json
365 verbose read json /Users/vico/Dev/r-place/node_modules/js-yaml/package.json
366 verbose read json /Users/vico/Dev/r-place/node_modules/ethereum-cryptography/package.json
367 verbose read json /Users/vico/Dev/r-place/node_modules/whatwg-url/package.json
368 verbose read json /Users/vico/Dev/r-place/node_modules/p-finally/package.json
369 verbose read json /Users/vico/Dev/r-place/node_modules/decompress/package.json
370 verbose read json /Users/vico/Dev/r-place/node_modules/pify/package.json
371 verbose read json /Users/vico/Dev/r-place/node_modules/arr-flatten/package.json
372 verbose read json /Users/vico/Dev/r-place/node_modules/rechoir/package.json
373 verbose read json /Users/vico/Dev/r-place/node_modules/got/package.json
374 verbose read json /Users/vico/Dev/r-place/node_modules/css-select/package.json
375 verbose read json /Users/vico/Dev/r-place/node_modules/parent-module/package.json
376 verbose read json /Users/vico/Dev/r-place/node_modules/strip-indent/package.json
377 verbose read json /Users/vico/Dev/r-place/node_modules/tweetnacl-util/package.json
378 verbose read json /Users/vico/Dev/r-place/node_modules/ethjs-util/package.json
379 verbose read json /Users/vico/Dev/r-place/node_modules/buffer-alloc/package.json
380 verbose read json /Users/vico/Dev/r-place/node_modules/is-binary-path/package.json
381 verbose read json /Users/vico/Dev/r-place/node_modules/combined-stream/package.json
382 verbose read json /Users/vico/Dev/r-place/node_modules/scrypt-js/package.json
383 verbose read json /Users/vico/Dev/r-place/node_modules/decompress-unzip/package.json
384 verbose read json /Users/vico/Dev/r-place/node_modules/path-to-regexp/package.json
385 verbose read json /Users/vico/Dev/r-place/node_modules/safer-buffer/package.json
386 verbose read json /Users/vico/Dev/r-place/node_modules/encoding-down/package.json
387 verbose read json /Users/vico/Dev/r-place/node_modules/tar-stream/package.json
388 verbose read json /Users/vico/Dev/r-place/node_modules/has-symbol-support-x/package.json
389 verbose read json /Users/vico/Dev/r-place/node_modules/p-limit/package.json
390 verbose read json /Users/vico/Dev/r-place/node_modules/@superfluid-finance/package.json
391 verbose read json /Users/vico/Dev/r-place/node_modules/lodash.camelcase/package.json
392 verbose read json /Users/vico/Dev/r-place/node_modules/diff/package.json
393 verbose read json /Users/vico/Dev/r-place/node_modules/arr-filter/package.json
394 verbose read json /Users/vico/Dev/r-place/node_modules/mime-types/package.json
395 verbose read json /Users/vico/Dev/r-place/node_modules/bignumber.js/package.json
396 verbose read json /Users/vico/Dev/r-place/node_modules/fs-mkdirp-stream/package.json
397 verbose read json /Users/vico/Dev/r-place/node_modules/faker/package.json
398 verbose read json /Users/vico/Dev/r-place/node_modules/big-integer/package.json
399 verbose read json /Users/vico/Dev/r-place/node_modules/unbzip2-stream/package.json
400 verbose read json /Users/vico/Dev/r-place/node_modules/strip-bom/package.json
401 verbose read json /Users/vico/Dev/r-place/node_modules/webidl-conversions/package.json
402 verbose read json /Users/vico/Dev/r-place/node_modules/json-schema-traverse/package.json
403 verbose read json /Users/vico/Dev/r-place/node_modules/xhr/package.json
404 verbose read json /Users/vico/Dev/r-place/node_modules/is-typedarray/package.json
405 verbose read json /Users/vico/Dev/r-place/node_modules/end-of-stream/package.json
406 verbose read json /Users/vico/Dev/r-place/node_modules/param-case/package.json
407 verbose read json /Users/vico/Dev/r-place/node_modules/is-url/package.json
408 verbose read json /Users/vico/Dev/r-place/node_modules/ripemd160-min/package.json
409 verbose read json /Users/vico/Dev/r-place/node_modules/immediate/package.json
410 verbose read json /Users/vico/Dev/r-place/node_modules/type-is/package.json
411 verbose read json /Users/vico/Dev/r-place/node_modules/minimist/package.json
412 verbose read json /Users/vico/Dev/r-place/node_modules/expand-brackets/package.json
413 verbose read json /Users/vico/Dev/r-place/node_modules/cids/package.json
414 verbose read json /Users/vico/Dev/r-place/node_modules/has-value/package.json
415 verbose read json /Users/vico/Dev/r-place/node_modules/mock-fs/package.json
416 verbose read json /Users/vico/Dev/r-place/node_modules/pathval/package.json
417 verbose read json /Users/vico/Dev/r-place/node_modules/underscore/package.json
418 verbose read json /Users/vico/Dev/r-place/node_modules/regexp.prototype.flags/package.json
419 verbose read json /Users/vico/Dev/r-place/node_modules/is-stream/package.json
420 verbose read json /Users/vico/Dev/r-place/node_modules/xtend/package.json
421 verbose read json /Users/vico/Dev/r-place/node_modules/static-extend/package.json
422 verbose read json /Users/vico/Dev/r-place/node_modules/universalify/package.json
423 verbose read json /Users/vico/Dev/r-place/node_modules/onetime/package.json
424 verbose read json /Users/vico/Dev/r-place/node_modules/assign-symbols/package.json
425 verbose read json /Users/vico/Dev/r-place/node_modules/find-up/package.json
426 verbose read json /Users/vico/Dev/r-place/node_modules/chalk/package.json
427 verbose read json /Users/vico/Dev/r-place/node_modules/deep-eql/package.json
428 verbose read json /Users/vico/Dev/r-place/node_modules/ansi-regex/package.json
429 verbose read json /Users/vico/Dev/r-place/node_modules/keccak/package.json
430 verbose read json /Users/vico/Dev/r-place/node_modules/web3-eth-accounts/package.json
431 verbose read json /Users/vico/Dev/r-place/node_modules/mimic-response/package.json
432 verbose read json /Users/vico/Dev/r-place/node_modules/through/package.json
433 verbose read json /Users/vico/Dev/r-place/node_modules/base-x/package.json
434 verbose read json /Users/vico/Dev/r-place/node_modules/decompress-targz/package.json
435 verbose read json /Users/vico/Dev/r-place/node_modules/web3-core-promievent/package.json
436 verbose read json /Users/vico/Dev/r-place/node_modules/truffle-error/package.json
437 verbose read json /Users/vico/Dev/r-place/node_modules/url/package.json
438 verbose read json /Users/vico/Dev/r-place/node_modules/has-flag/package.json
439 verbose read json /Users/vico/Dev/r-place/node_modules/supports-color/package.json
440 verbose read json /Users/vico/Dev/r-place/node_modules/sparkles/package.json
441 verbose read json /Users/vico/Dev/r-place/node_modules/unbox-primitive/package.json
442 verbose read json /Users/vico/Dev/r-place/node_modules/http-signature/package.json
443 verbose read json /Users/vico/Dev/r-place/node_modules/is-shared-array-buffer/package.json
444 verbose read json /Users/vico/Dev/r-place/node_modules/browserify-des/package.json
445 verbose read json /Users/vico/Dev/r-place/node_modules/core-js/package.json
446 verbose read json /Users/vico/Dev/r-place/node_modules/fs-minipass/package.json
447 verbose read json /Users/vico/Dev/r-place/node_modules/vary/package.json
448 verbose read json /Users/vico/Dev/r-place/node_modules/detect-indent/package.json
449 verbose read json /Users/vico/Dev/r-place/node_modules/fs-extra/package.json
450 verbose read json /Users/vico/Dev/r-place/node_modules/rlp/package.json
451 verbose read json /Users/vico/Dev/r-place/node_modules/array-each/package.json
452 verbose read json /Users/vico/Dev/r-place/node_modules/web3-core-subscriptions/package.json
453 verbose read json /Users/vico/Dev/r-place/node_modules/buffer-to-arraybuffer/package.json
454 verbose read json /Users/vico/Dev/r-place/node_modules/color-convert/package.json
455 verbose read json /Users/vico/Dev/r-place/node_modules/path-key/package.json
456 verbose read json /Users/vico/Dev/r-place/node_modules/crypto-browserify/package.json
457 verbose read json /Users/vico/Dev/r-place/node_modules/eventemitter3/package.json
458 verbose read json /Users/vico/Dev/r-place/node_modules/spdx-license-ids/package.json
459 verbose read json /Users/vico/Dev/r-place/node_modules/readdirp/package.json
460 verbose read json /Users/vico/Dev/r-place/node_modules/through2-filter/package.json
461 verbose read json /Users/vico/Dev/r-place/node_modules/snapdragon/package.json
462 verbose read json /Users/vico/Dev/r-place/node_modules/unpipe/package.json
463 verbose read json /Users/vico/Dev/r-place/node_modules/eth-ens-namehash/package.json
464 verbose read json /Users/vico/Dev/r-place/node_modules/decompress-tar/package.json
465 verbose read json /Users/vico/Dev/r-place/node_modules/pascal-case/package.json
466 verbose read json /Users/vico/Dev/r-place/node_modules/brace-expansion/package.json
467 verbose read json /Users/vico/Dev/r-place/node_modules/fill-range/package.json
468 verbose read json /Users/vico/Dev/r-place/node_modules/to-absolute-glob/package.json
469 verbose read json /Users/vico/Dev/r-place/node_modules/json-stable-stringify-without-jsonify/package.json
470 verbose read json /Users/vico/Dev/r-place/node_modules/css-what/package.json
471 verbose read json /Users/vico/Dev/r-place/node_modules/yargs-unparser/package.json
472 verbose read json /Users/vico/Dev/r-place/node_modules/resolve-options/package.json
473 verbose read json /Users/vico/Dev/r-place/node_modules/class-utils/package.json
474 verbose read json /Users/vico/Dev/r-place/node_modules/binary-extensions/package.json
475 verbose read json /Users/vico/Dev/r-place/node_modules/get-caller-file/package.json
476 verbose read json /Users/vico/Dev/r-place/node_modules/use/package.json
477 verbose read json /Users/vico/Dev/r-place/node_modules/util-deprecate/package.json
478 verbose read json /Users/vico/Dev/r-place/node_modules/secp256k1/package.json
479 verbose read json /Users/vico/Dev/r-place/node_modules/is-absolute/package.json
480 verbose read json /Users/vico/Dev/r-place/node_modules/path-parse/package.json
481 verbose read json /Users/vico/Dev/r-place/node_modules/patch-package/package.json
482 verbose read json /Users/vico/Dev/r-place/node_modules/has-symbols/package.json
483 verbose read json /Users/vico/Dev/r-place/node_modules/@metamask/package.json
484 verbose read json /Users/vico/Dev/r-place/node_modules/buffer-fill/package.json
485 verbose read json /Users/vico/Dev/r-place/node_modules/load-json-file/package.json
486 verbose read json /Users/vico/Dev/r-place/node_modules/kind-of/package.json
487 verbose read json /Users/vico/Dev/r-place/node_modules/ripemd160/package.json
488 verbose read json /Users/vico/Dev/r-place/node_modules/unique-stream/package.json
489 verbose read json /Users/vico/Dev/r-place/node_modules/ansi-colors/package.json
490 verbose read json /Users/vico/Dev/r-place/node_modules/@solidity-parser/package.json
491 verbose read json /Users/vico/Dev/r-place/node_modules/ieee754/package.json
492 verbose read json /Users/vico/Dev/r-place/node_modules/internal-slot/package.json
493 verbose read json /Users/vico/Dev/r-place/node_modules/strip-dirs/package.json
494 verbose read json /Users/vico/Dev/r-place/node_modules/json-buffer/package.json
495 verbose read json /Users/vico/Dev/r-place/node_modules/utf-8-validate/package.json
496 verbose read json /Users/vico/Dev/r-place/node_modules/pinkie/package.json
497 verbose read json /Users/vico/Dev/r-place/node_modules/change-case/package.json
498 verbose read json /Users/vico/Dev/r-place/node_modules/slash/package.json
499 verbose read json /Users/vico/Dev/r-place/node_modules/long/package.json
500 verbose read json /Users/vico/Dev/r-place/node_modules/faye-websocket/package.json
501 verbose read json /Users/vico/Dev/r-place/node_modules/raw-body/package.json
502 verbose read json /Users/vico/Dev/r-place/node_modules/bluebird/package.json
503 verbose read json /Users/vico/Dev/r-place/node_modules/minizlib/package.json
504 verbose read json /Users/vico/Dev/r-place/node_modules/lines-and-columns/package.json
505 verbose read json /Users/vico/Dev/r-place/node_modules/is-negated-glob/package.json
506 verbose read json /Users/vico/Dev/r-place/node_modules/append-buffer/package.json
507 verbose read json /Users/vico/Dev/r-place/node_modules/semver/package.json
508 verbose read json /Users/vico/Dev/r-place/node_modules/firebase/package.json
509 verbose read json /Users/vico/Dev/r-place/node_modules/window-size/package.json
510 verbose read json /Users/vico/Dev/r-place/node_modules/ini/package.json
511 verbose read json /Users/vico/Dev/r-place/node_modules/number-is-nan/package.json
512 verbose read json /Users/vico/Dev/r-place/node_modules/http-errors/package.json
513 verbose read json /Users/vico/Dev/r-place/node_modules/through2/package.json
514 verbose read json /Users/vico/Dev/r-place/node_modules/define-properties/package.json
515 verbose read json /Users/vico/Dev/r-place/node_modules/type/package.json
516 verbose read json /Users/vico/Dev/r-place/node_modules/semaphore-async-await/package.json
517 verbose read json /Users/vico/Dev/r-place/node_modules/clean-stack/package.json
518 verbose read json /Users/vico/Dev/r-place/node_modules/@resolver-engine/package.json
519 verbose read json /Users/vico/Dev/r-place/node_modules/json-text-sequence/package.json
520 verbose read json /Users/vico/Dev/r-place/node_modules/mcl-wasm/package.json
521 verbose read json /Users/vico/Dev/r-place/node_modules/lead/package.json
522 verbose read json /Users/vico/Dev/r-place/node_modules/minimatch/package.json
523 verbose read json /Users/vico/Dev/r-place/node_modules/crypto-random-string/package.json
524 verbose read json /Users/vico/Dev/r-place/node_modules/highlight.js/package.json
525 verbose read json /Users/vico/Dev/r-place/node_modules/yaeti/package.json
526 verbose read json /Users/vico/Dev/r-place/node_modules/accepts/package.json
527 verbose read json /Users/vico/Dev/r-place/node_modules/loupe/package.json
528 verbose read json /Users/vico/Dev/r-place/node_modules/@sindresorhus/package.json
529 verbose read json /Users/vico/Dev/r-place/node_modules/repeat-string/package.json
530 verbose read json /Users/vico/Dev/r-place/node_modules/stream-exhaust/package.json
531 verbose read json /Users/vico/Dev/r-place/node_modules/clone/package.json
532 verbose read json /Users/vico/Dev/r-place/node_modules/is-descriptor/package.json
533 verbose read json /Users/vico/Dev/r-place/node_modules/big.js/package.json
534 verbose read json /Users/vico/Dev/r-place/node_modules/boolbase/package.json
535 verbose read json /Users/vico/Dev/r-place/node_modules/undertaker-registry/package.json
536 verbose read json /Users/vico/Dev/r-place/node_modules/multibase/package.json
537 verbose read json /Users/vico/Dev/r-place/node_modules/ansi-styles/package.json
538 verbose read json /Users/vico/Dev/r-place/node_modules/aggregate-error/package.json
539 verbose read json /Users/vico/Dev/r-place/node_modules/fancy-log/package.json
540 verbose read json /Users/vico/Dev/r-place/node_modules/memdown/package.json
541 verbose read json /Users/vico/Dev/r-place/node_modules/cookie-signature/package.json
542 verbose read json /Users/vico/Dev/r-place/node_modules/websocket-extensions/package.json
543 verbose read json /Users/vico/Dev/r-place/node_modules/forwarded/package.json
544 verbose read json /Users/vico/Dev/r-place/node_modules/no-case/package.json
545 verbose read json /Users/vico/Dev/r-place/node_modules/js-tokens/package.json
546 verbose read json /Users/vico/Dev/r-place/node_modules/regex-not/package.json
547 verbose read json /Users/vico/Dev/r-place/node_modules/colors/package.json
548 verbose read json /Users/vico/Dev/r-place/node_modules/to-buffer/package.json
549 verbose read json /Users/vico/Dev/r-place/node_modules/create-ecdh/package.json
550 verbose read json /Users/vico/Dev/r-place/node_modules/negotiator/package.json
551 verbose read json /Users/vico/Dev/r-place/node_modules/browserify-sign/package.json
552 verbose read json /Users/vico/Dev/r-place/node_modules/asn1.js/package.json
553 verbose read json /Users/vico/Dev/r-place/node_modules/defer-to-connect/package.json
554 verbose read json /Users/vico/Dev/r-place/node_modules/body-parser/package.json
555 verbose read json /Users/vico/Dev/r-place/node_modules/homedir-polyfill/package.json
556 verbose read json /Users/vico/Dev/r-place/node_modules/tsort/package.json
557 verbose read json /Users/vico/Dev/r-place/node_modules/tr46/package.json
558 verbose read json /Users/vico/Dev/r-place/node_modules/@babel/package.json
559 verbose read json /Users/vico/Dev/r-place/node_modules/validate-npm-package-license/package.json
560 verbose read json /Users/vico/Dev/r-place/node_modules/parse-asn1/package.json
561 verbose read json /Users/vico/Dev/r-place/node_modules/is-natural-number/package.json
562 verbose read json /Users/vico/Dev/r-place/node_modules/is-number/package.json
563 verbose read json /Users/vico/Dev/r-place/node_modules/repeat-element/package.json
564 verbose read json /Users/vico/Dev/r-place/node_modules/liftoff/package.json
565 verbose read json /Users/vico/Dev/r-place/node_modules/fs.realpath/package.json
566 verbose read json /Users/vico/Dev/r-place/node_modules/cli-width/package.json
567 verbose read json /Users/vico/Dev/r-place/node_modules/browserify-aes/package.json
568 verbose read json /Users/vico/Dev/r-place/node_modules/hardhat/package.json
569 verbose read json /Users/vico/Dev/r-place/node_modules/fined/package.json
570 verbose read json /Users/vico/Dev/r-place/node_modules/dom-storage/package.json
571 verbose read json /Users/vico/Dev/r-place/node_modules/yocto-queue/package.json
572 verbose read json /Users/vico/Dev/r-place/node_modules/lodash.merge/package.json
573 verbose read json /Users/vico/Dev/r-place/node_modules/blakejs/package.json
574 verbose read json /Users/vico/Dev/r-place/node_modules/cheerio-select/package.json
575 verbose read json /Users/vico/Dev/r-place/node_modules/bach/package.json
576 verbose read json /Users/vico/Dev/r-place/node_modules/ansi-gray/package.json
577 verbose read json /Users/vico/Dev/r-place/node_modules/jsprim/package.json
578 verbose read json /Users/vico/Dev/r-place/node_modules/os-locale/package.json
579 verbose read json /Users/vico/Dev/r-place/node_modules/class-is/package.json
580 verbose read json /Users/vico/Dev/r-place/node_modules/figures/package.json
581 verbose read json /Users/vico/Dev/r-place/node_modules/@openzeppelin/package.json
582 verbose read json /Users/vico/Dev/r-place/node_modules/upper-case-first/package.json
583 verbose read json /Users/vico/Dev/r-place/node_modules/@truffle/package.json
584 verbose read json /Users/vico/Dev/r-place/node_modules/querystring/package.json
585 verbose read json /Users/vico/Dev/r-place/node_modules/time-stamp/package.json
586 verbose read json /Users/vico/Dev/r-place/node_modules/hmac-drbg/package.json
587 verbose read json /Users/vico/Dev/r-place/node_modules/has-bigints/package.json
588 verbose read json /Users/vico/Dev/r-place/node_modules/growl/package.json
589 verbose read json /Users/vico/Dev/r-place/node_modules/utils-merge/package.json
590 verbose read json /Users/vico/Dev/r-place/node_modules/side-channel/package.json
591 verbose read json /Users/vico/Dev/r-place/node_modules/concat-map/package.json
592 verbose read json /Users/vico/Dev/r-place/node_modules/md5.js/package.json
593 verbose read json /Users/vico/Dev/r-place/node_modules/protobufjs/package.json
594 verbose read json /Users/vico/Dev/r-place/node_modules/union-value/package.json
595 verbose read json /Users/vico/Dev/r-place/node_modules/is-utf8/package.json
596 verbose read json /Users/vico/Dev/r-place/node_modules/pump/package.json
597 verbose read json /Users/vico/Dev/r-place/node_modules/cors/package.json
598 verbose read json /Users/vico/Dev/r-place/node_modules/get-stream/package.json
599 verbose read json /Users/vico/Dev/r-place/node_modules/des.js/package.json
600 verbose read json /Users/vico/Dev/r-place/node_modules/interpret/package.json
601 verbose read json /Users/vico/Dev/r-place/node_modules/memorystream/package.json
602 verbose read json /Users/vico/Dev/r-place/node_modules/restore-cursor/package.json
603 verbose read json /Users/vico/Dev/r-place/node_modules/map-cache/package.json
604 verbose read json /Users/vico/Dev/r-place/node_modules/cookiejar/package.json
605 verbose read json /Users/vico/Dev/r-place/node_modules/serve-static/package.json
606 verbose read json /Users/vico/Dev/r-place/node_modules/prepend-http/package.json
607 verbose read json /Users/vico/Dev/r-place/node_modules/typechain-target-truffle/package.json
608 verbose read json /Users/vico/Dev/r-place/node_modules/forever-agent/package.json
609 verbose read json /Users/vico/Dev/r-place/node_modules/pumpify/package.json
610 verbose read json /Users/vico/Dev/r-place/node_modules/simple-concat/package.json
611 verbose read json /Users/vico/Dev/r-place/node_modules/ethereumjs-abi/package.json
612 verbose read json /Users/vico/Dev/r-place/node_modules/randombytes/package.json
613 verbose read json /Users/vico/Dev/r-place/node_modules/which-module/package.json
614 verbose read json /Users/vico/Dev/r-place/node_modules/get-symbol-description/package.json
615 verbose read json /Users/vico/Dev/r-place/node_modules/convert-source-map/package.json
616 verbose read json /Users/vico/Dev/r-place/node_modules/uri-js/package.json
617 verbose read json /Users/vico/Dev/r-place/node_modules/is-arrayish/package.json
618 verbose read json /Users/vico/Dev/r-place/node_modules/spdx-expression-parse/package.json
619 verbose read json /Users/vico/Dev/r-place/node_modules/any-promise/package.json
620 verbose read json /Users/vico/Dev/r-place/node_modules/obliterator/package.json
621 verbose read json /Users/vico/Dev/r-place/node_modules/minimalistic-assert/package.json
622 verbose read json /Users/vico/Dev/r-place/node_modules/cliui/package.json
623 verbose read json /Users/vico/Dev/r-place/node_modules/object-assign/package.json
624 verbose read json /Users/vico/Dev/r-place/node_modules/content-hash/package.json
625 verbose read json /Users/vico/Dev/r-place/node_modules/whatwg-fetch/package.json
626 verbose read json /Users/vico/Dev/r-place/node_modules/deferred-leveldown/package.json
627 verbose read json /Users/vico/Dev/r-place/node_modules/ecc-jsbn/package.json
628 verbose read json /Users/vico/Dev/r-place/node_modules/form-data/package.json
629 verbose read json /Users/vico/Dev/r-place/node_modules/object.defaults/package.json
630 verbose read json /Users/vico/Dev/r-place/node_modules/web3-shh/package.json
631 verbose read json /Users/vico/Dev/r-place/node_modules/rustbn.js/package.json
632 verbose read json /Users/vico/Dev/r-place/node_modules/yaml/package.json
633 verbose read json /Users/vico/Dev/r-place/node_modules/sshpk/package.json
634 verbose read json /Users/vico/Dev/r-place/node_modules/delayed-stream/package.json
635 verbose read json /Users/vico/Dev/r-place/node_modules/undertaker/package.json
636 verbose read json /Users/vico/Dev/r-place/node_modules/cross-spawn/package.json
637 verbose read json /Users/vico/Dev/r-place/node_modules/to-object-path/package.json
638 verbose read json /Users/vico/Dev/r-place/node_modules/web3-core-helpers/package.json
639 verbose read json /Users/vico/Dev/r-place/node_modules/ansi-escapes/package.json
640 verbose read json /Users/vico/Dev/r-place/node_modules/url-set-query/package.json
641 verbose read json /Users/vico/Dev/r-place/node_modules/is-object/package.json
642 verbose read json /Users/vico/Dev/r-place/node_modules/@firebase/package.json
643 verbose read json /Users/vico/Dev/r-place/node_modules/mime/package.json
644 verbose read json /Users/vico/Dev/r-place/node_modules/invert-kv/package.json
645 verbose read json /Users/vico/Dev/r-place/node_modules/domelementtype/package.json
646 verbose read json /Users/vico/Dev/r-place/node_modules/request/package.json
647 verbose read json /Users/vico/Dev/r-place/node_modules/expand-tilde/package.json
648 verbose read json /Users/vico/Dev/r-place/node_modules/parse5-htmlparser2-tree-adapter/package.json
649 verbose read json /Users/vico/Dev/r-place/node_modules/yargs/package.json
650 verbose read json /Users/vico/Dev/r-place/node_modules/clone-response/package.json
651 verbose read json /Users/vico/Dev/r-place/node_modules/urix/package.json
652 verbose read json /Users/vico/Dev/r-place/node_modules/make-iterator/package.json
653 verbose read json /Users/vico/Dev/r-place/node_modules/rxjs/package.json
654 verbose read json /Users/vico/Dev/r-place/node_modules/asynckit/package.json
655 verbose read json /Users/vico/Dev/r-place/node_modules/event-target-shim/package.json
656 verbose read json /Users/vico/Dev/r-place/node_modules/ipaddr.js/package.json
657 verbose read json /Users/vico/Dev/r-place/node_modules/now-and-later/package.json
658 verbose read json /Users/vico/Dev/r-place/node_modules/web3-core-requestmanager/package.json
659 verbose read json /Users/vico/Dev/r-place/node_modules/is-boolean-object/package.json
660 verbose read json /Users/vico/Dev/r-place/node_modules/http-https/package.json
661 verbose read json /Users/vico/Dev/r-place/node_modules/is-regex/package.json
662 verbose read json /Users/vico/Dev/r-place/node_modules/glob/package.json
663 verbose read json /Users/vico/Dev/r-place/node_modules/sver-compat/package.json
664 verbose read json /Users/vico/Dev/r-place/node_modules/import-fresh/package.json
665 verbose read json /Users/vico/Dev/r-place/node_modules/has/package.json
666 verbose read json /Users/vico/Dev/r-place/node_modules/cookie/package.json
667 verbose read json /Users/vico/Dev/r-place/node_modules/fast-levenshtein/package.json
668 verbose read json /Users/vico/Dev/r-place/node_modules/sha.js/package.json
669 verbose read json /Users/vico/Dev/r-place/node_modules/husky/package.json
670 verbose read json /Users/vico/Dev/r-place/node_modules/to-regex-range/package.json
671 verbose read json /Users/vico/Dev/r-place/node_modules/code-point-at/package.json
672 verbose read json /Users/vico/Dev/r-place/node_modules/original-require/package.json
673 verbose read json /Users/vico/Dev/r-place/node_modules/testrpc/package.json
674 verbose read json /Users/vico/Dev/r-place/node_modules/source-map/package.json
675 verbose read json /Users/vico/Dev/r-place/node_modules/bufferutil/package.json
676 verbose read json /Users/vico/Dev/r-place/node_modules/tweetnacl/package.json
677 verbose read json /Users/vico/Dev/r-place/node_modules/upath/package.json
678 verbose read json /Users/vico/Dev/r-place/node_modules/bs58check/package.json
679 verbose read json /Users/vico/Dev/r-place/node_modules/parse-node-version/package.json
680 verbose read json /Users/vico/Dev/r-place/node_modules/collection-map/package.json
681 verbose read json /Users/vico/Dev/r-place/node_modules/@protobufjs/package.json
682 verbose read json /Users/vico/Dev/r-place/node_modules/bs58/package.json
683 verbose read json /Users/vico/Dev/r-place/node_modules/web3-eth/package.json
684 verbose read json /Users/vico/Dev/r-place/node_modules/@nomiclabs/package.json
685 verbose read json /Users/vico/Dev/r-place/node_modules/object-copy/package.json
686 verbose read json /Users/vico/Dev/r-place/node_modules/object-keys/package.json
687 verbose read json /Users/vico/Dev/r-place/node_modules/flagged-respawn/package.json
688 verbose read json /Users/vico/Dev/r-place/node_modules/replace-homedir/package.json
689 verbose read json /Users/vico/Dev/r-place/node_modules/clone-stats/package.json
690 verbose read json /Users/vico/Dev/r-place/node_modules/cosmiconfig/package.json
691 verbose read json /Users/vico/Dev/r-place/node_modules/is-unicode-supported/package.json
692 verbose read json /Users/vico/Dev/r-place/node_modules/bindings/package.json
693 verbose read json /Users/vico/Dev/r-place/node_modules/define-property/package.json
694 verbose read json /Users/vico/Dev/r-place/node_modules/web3-eth-ens/package.json
695 verbose read json /Users/vico/Dev/r-place/node_modules/escape-html/package.json
696 verbose read json /Users/vico/Dev/r-place/node_modules/inquirer/package.json
697 verbose read json /Users/vico/Dev/r-place/node_modules/strip-hex-prefix/package.json
698 verbose read json /Users/vico/Dev/r-place/node_modules/for-each/package.json
699 verbose read json /Users/vico/Dev/r-place/node_modules/path-dirname/package.json
700 verbose read json /Users/vico/Dev/r-place/node_modules/statuses/package.json
701 verbose read json /Users/vico/Dev/r-place/node_modules/https-proxy-agent/package.json
702 verbose read json /Users/vico/Dev/r-place/node_modules/which-typed-array/package.json
703 verbose read json /Users/vico/Dev/r-place/node_modules/is-lower-case/package.json
704 verbose read json /Users/vico/Dev/r-place/node_modules/sentence-case/package.json
705 verbose read json /Users/vico/Dev/r-place/node_modules/adm-zip/package.json
706 verbose read json /Users/vico/Dev/r-place/node_modules/string-width/package.json
707 verbose read json /Users/vico/Dev/r-place/node_modules/get-value/package.json
708 verbose read json /Users/vico/Dev/r-place/node_modules/fragment-cache/package.json
709 verbose read json /Users/vico/Dev/r-place/node_modules/level-iterator-stream/package.json
710 verbose read json /Users/vico/Dev/r-place/node_modules/minipass/package.json
711 verbose read json /Users/vico/Dev/r-place/node_modules/enquirer/package.json
712 verbose read json /Users/vico/Dev/r-place/node_modules/lazystream/package.json
713 verbose read json /Users/vico/Dev/r-place/node_modules/constant-case/package.json
714 verbose read json /Users/vico/Dev/r-place/node_modules/type-detect/package.json
715 verbose read json /Users/vico/Dev/r-place/node_modules/yallist/package.json
716 verbose read json /Users/vico/Dev/r-place/node_modules/spinnies/package.json
717 verbose read json /Users/vico/Dev/r-place/node_modules/for-in/package.json
718 verbose read json /Users/vico/Dev/r-place/node_modules/is-callable/package.json
719 verbose read json /Users/vico/Dev/r-place/node_modules/@ensdomains/package.json
720 verbose read json /Users/vico/Dev/r-place/node_modules/parseurl/package.json
721 verbose read json /Users/vico/Dev/r-place/node_modules/ethereum-bloom-filters/package.json
722 verbose read json /Users/vico/Dev/r-place/node_modules/level-concat-iterator/package.json
723 verbose read json /Users/vico/Dev/r-place/node_modules/etag/package.json
724 verbose read json /Users/vico/Dev/r-place/node_modules/ethereum-waffle/package.json
725 verbose read json /Users/vico/Dev/r-place/node_modules/async-eventemitter/package.json
726 verbose read json /Users/vico/Dev/r-place/node_modules/yauzl/package.json
727 verbose read json /Users/vico/Dev/r-place/node_modules/log-symbols/package.json
728 verbose read json /Users/vico/Dev/r-place/node_modules/follow-redirects/package.json
729 verbose read json /Users/vico/Dev/r-place/node_modules/p-try/package.json
730 verbose read json /Users/vico/Dev/r-place/node_modules/vinyl/package.json
731 verbose read json /Users/vico/Dev/r-place/node_modules/component-emitter/package.json
732 verbose read json /Users/vico/Dev/r-place/node_modules/camelcase/package.json
733 verbose read json /Users/vico/Dev/r-place/node_modules/isarray/package.json
734 verbose read json /Users/vico/Dev/r-place/node_modules/concat-stream/package.json
735 verbose read json /Users/vico/Dev/r-place/node_modules/source-map-url/package.json
736 verbose read json /Users/vico/Dev/r-place/node_modules/external-editor/package.json
737 verbose read json /Users/vico/Dev/r-place/node_modules/hash-base/package.json
738 verbose read json /Users/vico/Dev/r-place/node_modules/is-buffer/package.json
739 verbose read json /Users/vico/Dev/r-place/node_modules/micromatch/package.json
740 verbose read json /Users/vico/Dev/r-place/node_modules/wrappy/package.json
741 verbose read json /Users/vico/Dev/r-place/node_modules/http-parser-js/package.json
742 verbose read json /Users/vico/Dev/r-place/node_modules/seek-bzip/package.json
743 verbose read json /Users/vico/Dev/r-place/node_modules/@ethereum-waffle/package.json
744 verbose read json /Users/vico/Dev/r-place/node_modules/isstream/package.json
745 verbose read json /Users/vico/Dev/r-place/node_modules/opencollective-postinstall/package.json
746 verbose read json /Users/vico/Dev/r-place/node_modules/json-stringify-safe/package.json
747 verbose read json /Users/vico/Dev/r-place/node_modules/hash.js/package.json
748 verbose read json /Users/vico/Dev/r-place/node_modules/is-plain-object/package.json
749 verbose read json /Users/vico/Dev/r-place/node_modules/decode-uri-component/package.json
750 verbose read json /Users/vico/Dev/r-place/node_modules/resolve-from/package.json
751 verbose read json /Users/vico/Dev/r-place/node_modules/semver-compare/package.json
752 verbose read json /Users/vico/Dev/r-place/node_modules/exit-on-epipe/package.json
753 verbose read json /Users/vico/Dev/r-place/node_modules/verror/package.json
754 verbose read json /Users/vico/Dev/r-place/node_modules/dom-walk/package.json
755 verbose read json /Users/vico/Dev/r-place/node_modules/array-sort/package.json
756 verbose read json /Users/vico/Dev/r-place/node_modules/send/package.json
757 verbose read json /Users/vico/Dev/r-place/node_modules/global-prefix/package.json
758 verbose read json /Users/vico/Dev/r-place/node_modules/is-extglob/package.json
759 verbose read json /Users/vico/Dev/r-place/node_modules/uuid/package.json
760 verbose read json /Users/vico/Dev/r-place/node_modules/set-value/package.json
761 verbose read json /Users/vico/Dev/r-place/node_modules/copy-props/package.json
762 verbose read json /Users/vico/Dev/r-place/node_modules/safe-regex/package.json
763 verbose read json /Users/vico/Dev/r-place/node_modules/finalhandler/package.json
764 verbose read json /Users/vico/Dev/r-place/node_modules/@grpc/package.json
765 verbose read json /Users/vico/Dev/r-place/node_modules/tmp/package.json
766 verbose read json /Users/vico/Dev/r-place/node_modules/async-done/package.json
767 verbose read json /Users/vico/Dev/r-place/node_modules/available-typed-arrays/package.json
768 verbose read json /Users/vico/Dev/r-place/node_modules/cli-cursor/package.json
769 verbose read json /Users/vico/Dev/r-place/node_modules/parse5/package.json
770 verbose read json /Users/vico/Dev/r-place/node_modules/set-blocking/package.json
771 verbose read json /Users/vico/Dev/r-place/node_modules/tar/package.json
772 verbose read json /Users/vico/Dev/r-place/node_modules/snake-case/package.json
773 verbose read json /Users/vico/Dev/r-place/node_modules/color-support/package.json
774 verbose read json /Users/vico/Dev/r-place/node_modules/run-async/package.json
775 verbose read json /Users/vico/Dev/r-place/node_modules/domutils/package.json
776 verbose read json /Users/vico/Dev/r-place/node_modules/is-hex-prefixed/package.json
777 verbose read json /Users/vico/Dev/r-place/node_modules/assert-plus/package.json
778 verbose read json /Users/vico/Dev/r-place/node_modules/pascalcase/package.json
779 verbose read json /Users/vico/Dev/r-place/node_modules/d/package.json
780 verbose read json /Users/vico/Dev/r-place/node_modules/level-errors/package.json
781 verbose read json /Users/vico/Dev/r-place/node_modules/is-string/package.json
782 verbose read json /Users/vico/Dev/r-place/node_modules/tough-cookie/package.json
783 verbose read json /Users/vico/Dev/r-place/node_modules/find-yarn-workspace-root/package.json
784 verbose read json /Users/vico/Dev/r-place/node_modules/array-initial/package.json
785 verbose read json /Users/vico/Dev/r-place/node_modules/promise-polyfill/package.json
786 verbose read json /Users/vico/Dev/r-place/node_modules/io-ts/package.json
787 verbose read json /Users/vico/Dev/r-place/node_modules/nice-try/package.json
788 verbose read json /Users/vico/Dev/r-place/node_modules/js-sha3/package.json
789 verbose read json /Users/vico/Dev/r-place/node_modules/delimit-stream/package.json
790 verbose read json /Users/vico/Dev/r-place/node_modules/lcid/package.json
791 verbose read json /Users/vico/Dev/r-place/node_modules/functional-red-black-tree/package.json
792 verbose read json /Users/vico/Dev/r-place/node_modules/parse-headers/package.json
793 verbose read json /Users/vico/Dev/r-place/node_modules/level-supports/package.json
794 verbose read json /Users/vico/Dev/r-place/node_modules/is-unc-path/package.json
795 verbose read json /Users/vico/Dev/r-place/node_modules/map-visit/package.json
796 verbose read json /Users/vico/Dev/r-place/node_modules/axios/package.json
797 verbose read json /Users/vico/Dev/r-place/node_modules/buffer-from/package.json
798 verbose read json /Users/vico/Dev/r-place/node_modules/global/package.json
799 verbose read json /Users/vico/Dev/r-place/node_modules/cipher-base/package.json
800 verbose read json /Users/vico/Dev/r-place/node_modules/nofilter/package.json
801 verbose read json /Users/vico/Dev/r-place/node_modules/swap-case/package.json
802 verbose read json /Users/vico/Dev/r-place/node_modules/braces/package.json
803 verbose read json /Users/vico/Dev/r-place/node_modules/which-pm-runs/package.json
804 verbose read json /Users/vico/Dev/r-place/node_modules/cheerio/package.json
805 verbose read json /Users/vico/Dev/r-place/node_modules/oauth-sign/package.json
806 verbose read json /Users/vico/Dev/r-place/node_modules/klaw-sync/package.json
807 verbose read json /Users/vico/Dev/r-place/node_modules/web3-eth-personal/package.json
808 verbose read json /Users/vico/Dev/r-place/node_modules/cache-base/package.json
809 verbose read json /Users/vico/Dev/r-place/node_modules/which/package.json
810 verbose read json /Users/vico/Dev/r-place/node_modules/web3-bzz/package.json
811 verbose read json /Users/vico/Dev/r-place/node_modules/bn.js/package.json
812 verbose read json /Users/vico/Dev/r-place/node_modules/typechain-target-web3-v1/package.json
813 verbose read json /Users/vico/Dev/r-place/node_modules/level-codec/package.json
814 verbose read json /Users/vico/Dev/r-place/node_modules/url-parse-lax/package.json
815 verbose read json /Users/vico/Dev/r-place/node_modules/dashdash/package.json
816 verbose read json /Users/vico/Dev/r-place/node_modules/ajv/package.json
817 verbose read json /Users/vico/Dev/r-place/node_modules/base/package.json
818 verbose read json /Users/vico/Dev/r-place/node_modules/emoji-regex/package.json
819 verbose read json /Users/vico/Dev/r-place/node_modules/open/package.json
820 verbose read json /Users/vico/Dev/r-place/node_modules/object-inspect/package.json
821 verbose read json /Users/vico/Dev/r-place/node_modules/tunnel-agent/package.json
822 verbose read json /Users/vico/Dev/r-place/node_modules/nth-check/package.json
823 verbose read json /Users/vico/Dev/r-place/node_modules/ltgt/package.json
824 verbose read json /Users/vico/Dev/r-place/node_modules/merkle-patricia-tree/package.json
825 verbose read json /Users/vico/Dev/r-place/node_modules/lower-case/package.json
826 verbose read json /Users/vico/Dev/r-place/node_modules/remove-bom-buffer/package.json
827 verbose read json /Users/vico/Dev/r-place/node_modules/level-mem/package.json
828 verbose read json /Users/vico/Dev/r-place/node_modules/web3-core/package.json
829 verbose read json /Users/vico/Dev/r-place/node_modules/readable-stream/package.json
830 verbose read json /Users/vico/Dev/r-place/node_modules/object.pick/package.json
831 verbose read json /Users/vico/Dev/r-place/node_modules/randomfill/package.json
832 verbose read json /Users/vico/Dev/r-place/node_modules/locate-path/package.json
833 verbose read json /Users/vico/Dev/r-place/node_modules/last-run/package.json
834 verbose read json /Users/vico/Dev/r-place/node_modules/url-to-options/package.json
835 verbose read json /Users/vico/Dev/r-place/node_modules/object.assign/package.json
836 verbose read json /Users/vico/Dev/r-place/node_modules/mkdirp/package.json
837 verbose read json /Users/vico/Dev/r-place/node_modules/snapdragon-util/package.json
838 verbose read json /Users/vico/Dev/r-place/node_modules/graceful-fs/package.json
839 verbose read json /Users/vico/Dev/r-place/node_modules/on-finished/package.json
840 verbose read json /Users/vico/Dev/r-place/node_modules/entities/package.json
841 verbose read json /Users/vico/Dev/r-place/node_modules/auto-bind/package.json
842 verbose read json /Users/vico/Dev/r-place/node_modules/default-compare/package.json
843 verbose read json /Users/vico/Dev/r-place/node_modules/normalize-path/package.json
844 verbose read json /Users/vico/Dev/r-place/node_modules/fsevents/package.json
845 verbose read json /Users/vico/Dev/r-place/node_modules/@decentral.ee/package.json
846 verbose read json /Users/vico/Dev/r-place/node_modules/camel-case/package.json
847 verbose read json /Users/vico/Dev/r-place/node_modules/array-last/package.json
848 verbose read json /Users/vico/Dev/r-place/node_modules/p-timeout/package.json
849 verbose read json /Users/vico/Dev/r-place/node_modules/ws/package.json
850 verbose read json /Users/vico/Dev/r-place/node_modules/fast-deep-equal/package.json
851 verbose read json /Users/vico/Dev/r-place/node_modules/resolve-dir/package.json
852 verbose read json /Users/vico/Dev/r-place/node_modules/printj/package.json
853 verbose read json /Users/vico/Dev/r-place/node_modules/fp-ts/package.json
854 verbose read json /Users/vico/Dev/r-place/node_modules/shebang-command/package.json
855 verbose read json /Users/vico/Dev/r-place/node_modules/performance-now/package.json
856 verbose read json /Users/vico/Dev/r-place/node_modules/array-back/package.json
857 verbose read json /Users/vico/Dev/r-place/node_modules/require-from-string/package.json
858 verbose read json /Users/vico/Dev/r-place/node_modules/buffer-equal/package.json
859 verbose read json /Users/vico/Dev/r-place/node_modules/simple-git/package.json
860 verbose read json /Users/vico/Dev/r-place/node_modules/json-schema/package.json
861 verbose read json /Users/vico/Dev/r-place/node_modules/process/package.json
862 verbose read json /Users/vico/Dev/r-place/node_modules/get-func-name/package.json
863 verbose read json /Users/vico/Dev/r-place/node_modules/is-arguments/package.json
864 verbose read json /Users/vico/Dev/r-place/node_modules/title-case/package.json
865 verbose read json /Users/vico/Dev/r-place/node_modules/debug/package.json
866 verbose read json /Users/vico/Dev/r-place/node_modules/dot-prop/package.json
867 verbose read json /Users/vico/Dev/r-place/node_modules/nanomatch/package.json
868 verbose read json /Users/vico/Dev/r-place/node_modules/glob-parent/package.json
869 verbose read json /Users/vico/Dev/r-place/node_modules/xhr-request/package.json
870 verbose read json /Users/vico/Dev/r-place/node_modules/domhandler/package.json
871 verbose read json /Users/vico/Dev/r-place/node_modules/read-pkg/package.json
872 verbose read json /Users/vico/Dev/r-place/node_modules/media-typer/package.json
873 verbose read json /Users/vico/Dev/r-place/node_modules/remove-trailing-separator/package.json
874 verbose read json /Users/vico/Dev/r-place/node_modules/p-map/package.json
875 verbose read json /Users/vico/Dev/r-place/node_modules/buffer/package.json
876 verbose read json /Users/vico/Dev/r-place/node_modules/mime-db/package.json
877 verbose read json /Users/vico/Dev/r-place/node_modules/object-visit/package.json
878 verbose read json /Users/vico/Dev/r-place/node_modules/isexe/package.json
879 verbose read json /Users/vico/Dev/r-place/node_modules/nano-base32/package.json
880 verbose read json /Users/vico/Dev/r-place/node_modules/clone-buffer/package.json
881 verbose read json /Users/vico/Dev/r-place/node_modules/is-data-descriptor/package.json
882 verbose read json /Users/vico/Dev/r-place/node_modules/brorand/package.json
883 verbose read json /Users/vico/Dev/r-place/node_modules/inflight/package.json
884 verbose read json /Users/vico/Dev/r-place/node_modules/jsbn/package.json
885 verbose read json /Users/vico/Dev/r-place/node_modules/source-map-resolve/package.json
886 verbose read json /Users/vico/Dev/r-place/node_modules/web3-eth-contract/package.json
887 verbose read json /Users/vico/Dev/r-place/node_modules/setprototypeof/package.json
888 verbose read json /Users/vico/Dev/r-place/node_modules/arr-map/package.json
889 warn package.json copy-descriptor@0.1.1 No README.md file found!
890 warn package.json truffle-interface-adapter@0.2.5 No README.md file found!
891 warn package.json setimmediate@1.0.5 No README.md file found!
892 warn package.json static-extend@0.1.2 No README.md file found!
893 warn package.json tr46@0.0.3 No README.md file found!
894 warn package.json original-require@1.0.1 No README.md file found!
895 warn package.json testrpc@0.0.1 No README.md file found!
896 warn package.json object-copy@0.1.0 No README.md file found!
897 warn package.json get-value@2.0.6 No README.md file found!
898 warn package.json constant-case@2.0.0 No README.md file found!
899 warn package.json snake-case@2.1.0 No README.md file found!
900 warn package.json camel-case@3.0.0 No README.md file found!
901 verbose from cache /Users/vico/Dev/r-place/package.json
902 verbose readDependencies using package.json deps
903 verbose cache add [ '@superfluid-finance/js-sdk', null ]
904 silly cache add name=undefined spec="@superfluid-finance/js-sdk" args=["@superfluid-finance/js-sdk",null]
905 verbose parsed url { pathname: '@superfluid-finance/js-sdk',
905 verbose parsed url   path: '@superfluid-finance/js-sdk',
905 verbose parsed url   href: '@superfluid-finance/js-sdk' }
906 silly cache add name="" spec="superfluid-finance/js-sdk" args=["","superfluid-finance/js-sdk"]
907 verbose parsed url { pathname: 'superfluid-finance/js-sdk',
907 verbose parsed url   path: 'superfluid-finance/js-sdk',
907 verbose parsed url   href: 'superfluid-finance/js-sdk' }
908 silly lockFile baf31548-superfluid-finance-js-sdk superfluid-finance/js-sdk
909 verbose lock superfluid-finance/js-sdk /Users/vico/.npm/baf31548-superfluid-finance-js-sdk.lock
910 info maybeGithub Attempting to fetch superfluid-finance/js-sdk from git://github.com/superfluid-finance/js-sdk
911 silly lockFile 8fddd5ac-ub-com-superfluid-finance-js-sdk git://github.com/superfluid-finance/js-sdk
912 verbose lock git://github.com/superfluid-finance/js-sdk /Users/vico/.npm/8fddd5ac-ub-com-superfluid-finance-js-sdk.lock
913 verbose addRemoteGit [ 'git://github.com/superfluid-finance/js-sdk', 'master' ]
914 silly exec git "clone" "git://github.com/superfluid-finance/js-sdk" "/var/folders/_y/t2l19nsn25x6hl26v85sb0180000gn/T/npm-57183/1656229152158-0.08046351675875485"
915 silly git,clone,git://github.com/superfluid-finance/js-sdk,/var/folders/_y/t2l19nsn25x6hl26v85sb0180000gn/T/npm-57183/1656229152158-0.08046351675875485, spawning
916 error git clone git://github.com/superfluid-finance/js-sdk Cloning into '/var/folders/_y/t2l19nsn25x6hl26v85sb0180000gn/T/npm-57183/1656229152158-0.08046351675875485'...
916 error git clone git://github.com/superfluid-finance/js-sdk fatal: unable to connect to github.com:
916 error git clone git://github.com/superfluid-finance/js-sdk github.com[0: 140.82.112.4]: errno=Operation timed out
917 silly lockFile 8fddd5ac-ub-com-superfluid-finance-js-sdk git://github.com/superfluid-finance/js-sdk
918 silly lockFile baf31548-superfluid-finance-js-sdk superfluid-finance/js-sdk
919 error addLocal Could not install superfluid-finance/js-sdk
920 error Error: ENOENT, stat 'superfluid-finance/js-sdk'
921 error If you need help, you may report this log at:
921 error     <http://github.com/isaacs/npm/issues>
921 error or email it to:
921 error     <npm-@googlegroups.com>
922 error System Darwin 21.5.0
923 error command "/Users/vico/.nvm/v0.8.15/bin/node" "/Users/vico/.nvm/v0.8.15/bin/npm" "i" "@superfluid-finance/js-sdk"
924 error cwd /Users/vico/Dev/r-place
925 error node -v v0.8.15
926 error npm -v 1.1.66
927 error path superfluid-finance/js-sdk
928 error code ENOENT
929 error errno 34
930 verbose exit [ 34, true ]
